Error: Premature close
    at onclose (node:internal/streams/end-of-stream:171:30)
    at processTicksAndRejections (node:internal/process/task_queues:84:11)
Error: Premature close
    at onclose (node:internal/streams/end-of-stream:171:30)
    at processTicksAndRejections (node:internal/process/task_queues:84:11)
Error: Premature close
    at onclose (node:internal/streams/end-of-stream:171:30)
    at processTicksAndRejections (node:internal/process/task_queues:84:11)
    at runNextTicks (node:internal/process/task_queues:68:3)
    at processImmediate (node:internal/timers:452:9)
    at process.callbackTrampoline (node:internal/async_hooks:130:17)
Error: Premature close
    at onclose (node:internal/streams/end-of-stream:171:30)
    at processTicksAndRejections (node:internal/process/task_queues:84:11)
    at runNextTicks (node:internal/process/task_queues:68:3)
    at processImmediate (node:internal/timers:452:9)
    at process.callbackTrampoline (node:internal/async_hooks:130:17)
Error: Premature close
    at onclose (node:internal/streams/end-of-stream:171:30)
    at processTicksAndRejections (node:internal/process/task_queues:84:11)
    at runNextTicks (node:internal/process/task_queues:68:3)
    at processImmediate (node:internal/timers:452:9)
    at process.callbackTrampoline (node:internal/async_hooks:130:17)
